2024-04-09T19:04:48.308Z [Modules] Modules initializing
2024-04-09T19:04:48.308Z [Modules] Distribution: remote
2024-04-09T19:04:48.308Z [Modules] Host updates: enabled
2024-04-09T19:04:48.308Z [Modules] Module updates: enabled
2024-04-09T19:04:48.309Z [Modules] Module install path: /home/levon/.config/discord/0.0.49/modules
2024-04-09T19:04:48.309Z [Modules] Module installed file path: /home/levon/.config/discord/0.0.49/modules/installed.json
2024-04-09T19:04:48.309Z [Modules] Module download path: /home/levon/.config/discord/0.0.49/modules/pending
2024-04-09T19:04:48.586Z [Modules] Bootstrapping...
2024-04-09T19:04:48.587Z [Modules] Installing discord_desktop_core@0 from /opt/discord/resources/bootstrap/discord_desktop_core.zip
2024-04-09T19:04:48.594Z [Modules] Failed installing discord_desktop_core@0: Error: ENOENT: no such file or directory, open '/opt/discord/resources/bootstrap/discord_desktop_core.zip'
2024-04-09T19:04:48.595Z [Modules] Installing discord_erlpack@0 from /opt/discord/resources/bootstrap/discord_erlpack.zip
2024-04-09T19:04:48.598Z [Modules] Failed installing discord_erlpack@0: Error: ENOENT: no such file or directory, open '/opt/discord/resources/bootstrap/discord_erlpack.zip'
2024-04-09T19:04:48.599Z [Modules] Installing discord_spellcheck@0 from /opt/discord/resources/bootstrap/discord_spellcheck.zip
2024-04-09T19:04:48.602Z [Modules] Failed installing discord_spellcheck@0: Error: ENOENT: no such file or directory, open '/opt/discord/resources/bootstrap/discord_spellcheck.zip'
2024-04-09T19:04:48.603Z [Modules] Installing discord_utils@0 from /opt/discord/resources/bootstrap/discord_utils.zip
2024-04-09T19:04:48.605Z [Modules] Failed installing discord_utils@0: Error: ENOENT: no such file or directory, open '/opt/discord/resources/bootstrap/discord_utils.zip'
2024-04-09T19:04:48.606Z [Modules] Installing discord_voice@0 from /opt/discord/resources/bootstrap/discord_voice.zip
2024-04-09T19:04:48.608Z [Modules] Failed installing discord_voice@0: Error: ENOENT: no such file or directory, open '/opt/discord/resources/bootstrap/discord_voice.zip'
2024-04-09T19:04:48.608Z [Modules] Finished module installations. [success: 0] [failure: 5]
2024-04-09T19:04:48.609Z [Modules] Checking for host updates.
2024-04-09T19:04:48.824Z [Modules] Host is up to date.
2024-04-09T19:04:48.824Z [Modules] Checking for module updates at https://discord.com/api/modules/stable/versions.json
2024-04-09T19:04:48.876Z [Modules] Module update available: discord_desktop_core@1 [installed: 0]
2024-04-09T19:04:48.876Z [Modules] Module update available: discord_erlpack@1 [installed: 0]
2024-04-09T19:04:48.876Z [Modules] Module update available: discord_spellcheck@1 [installed: 0]
2024-04-09T19:04:48.876Z [Modules] Module update available: discord_utils@1 [installed: 0]
2024-04-09T19:04:48.876Z [Modules] Module update available: discord_voice@1 [installed: 0]
2024-04-09T19:04:48.877Z [Modules] Fetching discord_desktop_core@1 from https://discord.com/api/modules/stable/discord_desktop_core/1
2024-04-09T19:04:48.877Z [Modules] Streaming discord_desktop_core@1 to /home/levon/.config/discord/0.0.49/modules/pending/discord_desktop_core-1.zip
2024-04-09T19:04:49.038Z [Modules] Streaming discord_desktop_core@1 to /home/levon/.config/discord/0.0.49/modules/pending/discord_desktop_core-1.zip: 1%
2024-04-09T19:04:49.047Z [Modules] Streaming discord_desktop_core@1 to /home/levon/.config/discord/0.0.49/modules/pending/discord_desktop_core-1.zip: 2%
2024-04-09T19:04:49.059Z [Modules] Streaming discord_desktop_core@1 to /home/levon/.config/discord/0.0.49/modules/pending/discord_desktop_core-1.zip: 5%
2024-04-09T19:04:49.066Z [Modules] Streaming discord_desktop_core@1 to /home/levon/.config/discord/0.0.49/modules/pending/discord_desktop_core-1.zip: 8%
2024-04-09T19:04:49.068Z [Modules] Streaming discord_desktop_core@1 to /home/levon/.config/discord/0.0.49/modules/pending/discord_desktop_core-1.zip: 9%
2024-04-09T19:04:49.074Z [Modules] Streaming discord_desktop_core@1 to /home/levon/.config/discord/0.0.49/modules/pending/discord_desktop_core-1.zip: 13%
2024-04-09T19:04:49.079Z [Modules] Streaming discord_desktop_core@1 to /home/levon/.config/discord/0.0.49/modules/pending/discord_desktop_core-1.zip: 16%
2024-04-09T19:04:49.082Z [Modules] Streaming discord_desktop_core@1 to /home/levon/.config/discord/0.0.49/modules/pending/discord_desktop_core-1.zip: 18%
2024-04-09T19:04:49.084Z [Modules] Streaming discord_desktop_core@1 to /home/levon/.config/discord/0.0.49/modules/pending/discord_desktop_core-1.zip: 19%
2024-04-09T19:04:49.088Z [Modules] Streaming discord_desktop_core@1 to /home/levon/.config/discord/0.0.49/modules/pending/discord_desktop_core-1.zip: 21%
2024-04-09T19:04:49.089Z [Modules] Streaming discord_desktop_core@1 to /home/levon/.config/discord/0.0.49/modules/pending/discord_desktop_core-1.zip: 22%
2024-04-09T19:04:49.092Z [Modules] Streaming discord_desktop_core@1 to /home/levon/.config/discord/0.0.49/modules/pending/discord_desktop_core-1.zip: 25%
2024-04-09T19:04:49.096Z [Modules] Streaming discord_desktop_core@1 to /home/levon/.config/discord/0.0.49/modules/pending/discord_desktop_core-1.zip: 28%
2024-04-09T19:04:49.099Z [Modules] Streaming discord_desktop_core@1 to /home/levon/.config/discord/0.0.49/modules/pending/discord_desktop_core-1.zip: 29%
2024-04-09T19:04:49.102Z [Modules] Streaming discord_desktop_core@1 to /home/levon/.config/discord/0.0.49/modules/pending/discord_desktop_core-1.zip: 31%
2024-04-09T19:04:49.106Z [Modules] Streaming discord_desktop_core@1 to /home/levon/.config/discord/0.0.49/modules/pending/discord_desktop_core-1.zip: 33%
2024-04-09T19:04:49.110Z [Modules] Streaming discord_desktop_core@1 to /home/levon/.config/discord/0.0.49/modules/pending/discord_desktop_core-1.zip: 35%
2024-04-09T19:04:49.113Z [Modules] Streaming discord_desktop_core@1 to /home/levon/.config/discord/0.0.49/modules/pending/discord_desktop_core-1.zip: 37%
2024-04-09T19:04:49.114Z [Modules] Streaming discord_desktop_core@1 to /home/levon/.config/discord/0.0.49/modules/pending/discord_desktop_core-1.zip: 38%
2024-04-09T19:04:49.117Z [Modules] Streaming discord_desktop_core@1 to /home/levon/.config/discord/0.0.49/modules/pending/discord_desktop_core-1.zip: 39%
2024-04-09T19:04:49.121Z [Modules] Streaming discord_desktop_core@1 to /home/levon/.config/discord/0.0.49/modules/pending/discord_desktop_core-1.zip: 42%
2024-04-09T19:04:49.122Z [Modules] Streaming discord_desktop_core@1 to /home/levon/.config/discord/0.0.49/modules/pending/discord_desktop_core-1.zip: 43%
2024-04-09T19:04:49.124Z [Modules] Streaming discord_desktop_core@1 to /home/levon/.config/discord/0.0.49/modules/pending/discord_desktop_core-1.zip: 44%
2024-04-09T19:04:49.129Z [Modules] Streaming discord_desktop_core@1 to /home/levon/.config/discord/0.0.49/modules/pending/discord_desktop_core-1.zip: 47%
2024-04-09T19:04:49.131Z [Modules] Streaming discord_desktop_core@1 to /home/levon/.config/discord/0.0.49/modules/pending/discord_desktop_core-1.zip: 48%
2024-04-09T19:04:49.167Z [Modules] Streaming discord_desktop_core@1 to /home/levon/.config/discord/0.0.49/modules/pending/discord_desktop_core-1.zip: 51%
2024-04-09T19:04:49.171Z [Modules] Streaming discord_desktop_core@1 to /home/levon/.config/discord/0.0.49/modules/pending/discord_desktop_core-1.zip: 53%
2024-04-09T19:04:49.173Z [Modules] Streaming discord_desktop_core@1 to /home/levon/.config/discord/0.0.49/modules/pending/discord_desktop_core-1.zip: 56%
2024-04-09T19:04:49.175Z [Modules] Streaming discord_desktop_core@1 to /home/levon/.config/discord/0.0.49/modules/pending/discord_desktop_core-1.zip: 65%
2024-04-09T19:04:49.176Z [Modules] Streaming discord_desktop_core@1 to /home/levon/.config/discord/0.0.49/modules/pending/discord_desktop_core-1.zip: 77%
2024-04-09T19:04:49.180Z [Modules] Streaming discord_desktop_core@1 to /home/levon/.config/discord/0.0.49/modules/pending/discord_desktop_core-1.zip: 79%
2024-04-09T19:04:49.183Z [Modules] Streaming discord_desktop_core@1 to /home/levon/.config/discord/0.0.49/modules/pending/discord_desktop_core-1.zip: 81%
2024-04-09T19:04:49.186Z [Modules] Streaming discord_desktop_core@1 to /home/levon/.config/discord/0.0.49/modules/pending/discord_desktop_core-1.zip: 84%
2024-04-09T19:04:49.191Z [Modules] Streaming discord_desktop_core@1 to /home/levon/.config/discord/0.0.49/modules/pending/discord_desktop_core-1.zip: 87%
2024-04-09T19:04:49.197Z [Modules] Streaming discord_desktop_core@1 to /home/levon/.config/discord/0.0.49/modules/pending/discord_desktop_core-1.zip: 90%
2024-04-09T19:04:49.198Z [Modules] Streaming discord_desktop_core@1 to /home/levon/.config/discord/0.0.49/modules/pending/discord_desktop_core-1.zip: 91%
2024-04-09T19:04:49.202Z [Modules] Streaming discord_desktop_core@1 to /home/levon/.config/discord/0.0.49/modules/pending/discord_desktop_core-1.zip: 93%
2024-04-09T19:04:49.215Z [Modules] Streaming discord_desktop_core@1 to /home/levon/.config/discord/0.0.49/modules/pending/discord_desktop_core-1.zip: 94%
2024-04-09T19:04:49.217Z [Modules] Streaming discord_desktop_core@1 to /home/levon/.config/discord/0.0.49/modules/pending/discord_desktop_core-1.zip: 96%
2024-04-09T19:04:49.218Z [Modules] Streaming discord_desktop_core@1 to /home/levon/.config/discord/0.0.49/modules/pending/discord_desktop_core-1.zip: 99%
2024-04-09T19:04:49.224Z [Modules] Streaming discord_desktop_core@1 to /home/levon/.config/discord/0.0.49/modules/pending/discord_desktop_core-1.zip: 100%
2024-04-09T19:04:49.228Z [Modules] Fetching discord_erlpack@1 from https://discord.com/api/modules/stable/discord_erlpack/1
2024-04-09T19:04:49.229Z [Modules] Streaming discord_erlpack@1 to /home/levon/.config/discord/0.0.49/modules/pending/discord_erlpack-1.zip
2024-04-09T19:04:49.319Z [Modules] Streaming discord_erlpack@1 to /home/levon/.config/discord/0.0.49/modules/pending/discord_erlpack-1.zip: 1%
2024-04-09T19:04:49.323Z [Modules] Streaming discord_erlpack@1 to /home/levon/.config/discord/0.0.49/modules/pending/discord_erlpack-1.zip: 5%
2024-04-09T19:04:49.328Z [Modules] Streaming discord_erlpack@1 to /home/levon/.config/discord/0.0.49/modules/pending/discord_erlpack-1.zip: 7%
2024-04-09T19:04:49.331Z [Modules] Streaming discord_erlpack@1 to /home/levon/.config/discord/0.0.49/modules/pending/discord_erlpack-1.zip: 11%
2024-04-09T19:04:49.334Z [Modules] Streaming discord_erlpack@1 to /home/levon/.config/discord/0.0.49/modules/pending/discord_erlpack-1.zip: 12%
2024-04-09T19:04:49.339Z [Modules] Streaming discord_erlpack@1 to /home/levon/.config/discord/0.0.49/modules/pending/discord_erlpack-1.zip: 16%
2024-04-09T19:04:49.343Z [Modules] Streaming discord_erlpack@1 to /home/levon/.config/discord/0.0.49/modules/pending/discord_erlpack-1.zip: 19%
2024-04-09T19:04:49.347Z [Modules] Streaming discord_erlpack@1 to /home/levon/.config/discord/0.0.49/modules/pending/discord_erlpack-1.zip: 22%
2024-04-09T19:04:49.352Z [Modules] Streaming discord_erlpack@1 to /home/levon/.config/discord/0.0.49/modules/pending/discord_erlpack-1.zip: 24%
2024-04-09T19:04:49.388Z [Modules] Streaming discord_erlpack@1 to /home/levon/.config/discord/0.0.49/modules/pending/discord_erlpack-1.zip: 28%
2024-04-09T19:04:49.390Z [Modules] Streaming discord_erlpack@1 to /home/levon/.config/discord/0.0.49/modules/pending/discord_erlpack-1.zip: 33%
2024-04-09T19:04:49.394Z [Modules] Streaming discord_erlpack@1 to /home/levon/.config/discord/0.0.49/modules/pending/discord_erlpack-1.zip: 36%
2024-04-09T19:04:49.395Z [Modules] Streaming discord_erlpack@1 to /home/levon/.config/discord/0.0.49/modules/pending/discord_erlpack-1.zip: 39%
2024-04-09T19:04:49.402Z [Modules] Streaming discord_erlpack@1 to /home/levon/.config/discord/0.0.49/modules/pending/discord_erlpack-1.zip: 42%
2024-04-09T19:04:49.404Z [Modules] Streaming discord_erlpack@1 to /home/levon/.config/discord/0.0.49/modules/pending/discord_erlpack-1.zip: 44%
2024-04-09T19:04:49.409Z [Modules] Streaming discord_erlpack@1 to /home/levon/.config/discord/0.0.49/modules/pending/discord_erlpack-1.zip: 47%
2024-04-09T19:04:49.410Z [Modules] Streaming discord_erlpack@1 to /home/levon/.config/discord/0.0.49/modules/pending/discord_erlpack-1.zip: 49%
2024-04-09T19:04:49.416Z [Modules] Streaming discord_erlpack@1 to /home/levon/.config/discord/0.0.49/modules/pending/discord_erlpack-1.zip: 52%
2024-04-09T19:04:49.417Z [Modules] Streaming discord_erlpack@1 to /home/levon/.config/discord/0.0.49/modules/pending/discord_erlpack-1.zip: 57%
2024-04-09T19:04:49.419Z [Modules] Streaming discord_erlpack@1 to /home/levon/.config/discord/0.0.49/modules/pending/discord_erlpack-1.zip: 67%
2024-04-09T19:04:49.421Z [Modules] Streaming discord_erlpack@1 to /home/levon/.config/discord/0.0.49/modules/pending/discord_erlpack-1.zip: 74%
2024-04-09T19:04:49.423Z [Modules] Streaming discord_erlpack@1 to /home/levon/.config/discord/0.0.49/modules/pending/discord_erlpack-1.zip: 75%
2024-04-09T19:04:49.454Z [Modules] Streaming discord_erlpack@1 to /home/levon/.config/discord/0.0.49/modules/pending/discord_erlpack-1.zip: 76%
2024-04-09T19:04:49.455Z [Modules] Streaming discord_erlpack@1 to /home/levon/.config/discord/0.0.49/modules/pending/discord_erlpack-1.zip: 80%
2024-04-09T19:04:49.457Z [Modules] Streaming discord_erlpack@1 to /home/levon/.config/discord/0.0.49/modules/pending/discord_erlpack-1.zip: 91%
2024-04-09T19:04:49.459Z [Modules] Streaming discord_erlpack@1 to /home/levon/.config/discord/0.0.49/modules/pending/discord_erlpack-1.zip: 98%
2024-04-09T19:04:49.464Z [Modules] Streaming discord_erlpack@1 to /home/levon/.config/discord/0.0.49/modules/pending/discord_erlpack-1.zip: 100%
2024-04-09T19:04:49.467Z [Modules] Fetching discord_spellcheck@1 from https://discord.com/api/modules/stable/discord_spellcheck/1
2024-04-09T19:04:49.467Z [Modules] Streaming discord_spellcheck@1 to /home/levon/.config/discord/0.0.49/modules/pending/discord_spellcheck-1.zip
2024-04-09T19:04:49.570Z [Modules] Streaming discord_spellcheck@1 to /home/levon/.config/discord/0.0.49/modules/pending/discord_spellcheck-1.zip: 1%
2024-04-09T19:04:49.575Z [Modules] Streaming discord_spellcheck@1 to /home/levon/.config/discord/0.0.49/modules/pending/discord_spellcheck-1.zip: 2%
2024-04-09T19:04:49.585Z [Modules] Streaming discord_spellcheck@1 to /home/levon/.config/discord/0.0.49/modules/pending/discord_spellcheck-1.zip: 3%
2024-04-09T19:04:49.589Z [Modules] Streaming discord_spellcheck@1 to /home/levon/.config/discord/0.0.49/modules/pending/discord_spellcheck-1.zip: 4%
2024-04-09T19:04:49.632Z [Modules] Streaming discord_spellcheck@1 to /home/levon/.config/discord/0.0.49/modules/pending/discord_spellcheck-1.zip: 5%
2024-04-09T19:04:49.635Z [Modules] Streaming discord_spellcheck@1 to /home/levon/.config/discord/0.0.49/modules/pending/discord_spellcheck-1.zip: 6%
2024-04-09T19:04:49.637Z [Modules] Streaming discord_spellcheck@1 to /home/levon/.config/discord/0.0.49/modules/pending/discord_spellcheck-1.zip: 7%
2024-04-09T19:04:49.639Z [Modules] Streaming discord_spellcheck@1 to /home/levon/.config/discord/0.0.49/modules/pending/discord_spellcheck-1.zip: 10%
2024-04-09T19:04:49.644Z [Modules] Streaming discord_spellcheck@1 to /home/levon/.config/discord/0.0.49/modules/pending/discord_spellcheck-1.zip: 11%
2024-04-09T19:04:49.650Z [Modules] Streaming discord_spellcheck@1 to /home/levon/.config/discord/0.0.49/modules/pending/discord_spellcheck-1.zip: 12%
2024-04-09T19:04:49.659Z [Modules] Streaming discord_spellcheck@1 to /home/levon/.config/discord/0.0.49/modules/pending/discord_spellcheck-1.zip: 13%
2024-04-09T19:04:49.661Z [Modules] Streaming discord_spellcheck@1 to /home/levon/.config/discord/0.0.49/modules/pending/discord_spellcheck-1.zip: 14%
2024-04-09T19:04:49.701Z [Modules] Streaming discord_spellcheck@1 to /home/levon/.config/discord/0.0.49/modules/pending/discord_spellcheck-1.zip: 15%
2024-04-09T19:04:49.713Z [Modules] Streaming discord_spellcheck@1 to /home/levon/.config/discord/0.0.49/modules/pending/discord_spellcheck-1.zip: 16%
2024-04-09T19:04:49.714Z [Modules] Streaming discord_spellcheck@1 to /home/levon/.config/discord/0.0.49/modules/pending/discord_spellcheck-1.zip: 17%
2024-04-09T19:04:49.783Z [Modules] Streaming discord_spellcheck@1 to /home/levon/.config/discord/0.0.49/modules/pending/discord_spellcheck-1.zip: 18%
2024-04-09T19:04:49.784Z [Modules] Streaming discord_spellcheck@1 to /home/levon/.config/discord/0.0.49/modules/pending/discord_spellcheck-1.zip: 19%
2024-04-09T19:04:49.785Z [Modules] Streaming discord_spellcheck@1 to /home/levon/.config/discord/0.0.49/modules/pending/discord_spellcheck-1.zip: 20%
2024-04-09T19:04:49.787Z [Modules] Streaming discord_spellcheck@1 to /home/levon/.config/discord/0.0.49/modules/pending/discord_spellcheck-1.zip: 24%
2024-04-09T19:04:49.794Z [Modules] Streaming discord_spellcheck@1 to /home/levon/.config/discord/0.0.49/modules/pending/discord_spellcheck-1.zip: 25%
2024-04-09T19:04:49.801Z [Modules] Streaming discord_spellcheck@1 to /home/levon/.config/discord/0.0.49/modules/pending/discord_spellcheck-1.zip: 26%
2024-04-09T19:04:49.808Z [Modules] Streaming discord_spellcheck@1 to /home/levon/.config/discord/0.0.49/modules/pending/discord_spellcheck-1.zip: 27%
2024-04-09T19:04:49.820Z [Modules] Streaming discord_spellcheck@1 to /home/levon/.config/discord/0.0.49/modules/pending/discord_spellcheck-1.zip: 28%
2024-04-09T19:04:49.823Z [Modules] Streaming discord_spellcheck@1 to /home/levon/.config/discord/0.0.49/modules/pending/discord_spellcheck-1.zip: 29%
2024-04-09T19:04:49.830Z [Modules] Streaming discord_spellcheck@1 to /home/levon/.config/discord/0.0.49/modules/pending/discord_spellcheck-1.zip: 30%
2024-04-09T19:04:49.871Z [Modules] Streaming discord_spellcheck@1 to /home/levon/.config/discord/0.0.49/modules/pending/discord_spellcheck-1.zip: 31%
2024-04-09T19:04:49.874Z [Modules] Streaming discord_spellcheck@1 to /home/levon/.config/discord/0.0.49/modules/pending/discord_spellcheck-1.zip: 32%
2024-04-09T19:04:49.879Z [Modules] Streaming discord_spellcheck@1 to /home/levon/.config/discord/0.0.49/modules/pending/discord_spellcheck-1.zip: 33%
2024-04-09T19:04:49.880Z [Modules] Streaming discord_spellcheck@1 to /home/levon/.config/discord/0.0.49/modules/pending/discord_spellcheck-1.zip: 34%
2024-04-09T19:04:49.881Z [Modules] Streaming discord_spellcheck@1 to /home/levon/.config/discord/0.0.49/modules/pending/discord_spellcheck-1.zip: 35%
2024-04-09T19:04:49.897Z [Modules] Streaming discord_spellcheck@1 to /home/levon/.config/discord/0.0.49/modules/pending/discord_spellcheck-1.zip: 36%
2024-04-09T19:04:49.899Z [Modules] Streaming discord_spellcheck@1 to /home/levon/.config/discord/0.0.49/modules/pending/discord_spellcheck-1.zip: 39%
2024-04-09T19:04:49.904Z [Modules] Streaming discord_spellcheck@1 to /home/levon/.config/discord/0.0.49/modules/pending/discord_spellcheck-1.zip: 40%
2024-04-09T19:04:49.943Z [Modules] Streaming discord_spellcheck@1 to /home/levon/.config/discord/0.0.49/modules/pending/discord_spellcheck-1.zip: 41%
2024-04-09T19:04:49.944Z [Modules] Streaming discord_spellcheck@1 to /home/levon/.config/discord/0.0.49/modules/pending/discord_spellcheck-1.zip: 42%
2024-04-09T19:04:49.947Z [Modules] Streaming discord_spellcheck@1 to /home/levon/.config/discord/0.0.49/modules/pending/discord_spellcheck-1.zip: 43%
2024-04-09T19:04:49.949Z [Modules] Streaming discord_spellcheck@1 to /home/levon/.config/discord/0.0.49/modules/pending/discord_spellcheck-1.zip: 44%
2024-04-09T19:04:50.065Z [Modules] Streaming discord_spellcheck@1 to /home/levon/.config/discord/0.0.49/modules/pending/discord_spellcheck-1.zip: 45%
2024-04-09T19:04:50.071Z [Modules] Streaming discord_spellcheck@1 to /home/levon/.config/discord/0.0.49/modules/pending/discord_spellcheck-1.zip: 46%
2024-04-09T19:04:50.072Z [Modules] Streaming discord_spellcheck@1 to /home/levon/.config/discord/0.0.49/modules/pending/discord_spellcheck-1.zip: 48%
2024-04-09T19:04:50.075Z [Modules] Streaming discord_spellcheck@1 to /home/levon/.config/discord/0.0.49/modules/pending/discord_spellcheck-1.zip: 50%
2024-04-09T19:04:50.076Z [Modules] Streaming discord_spellcheck@1 to /home/levon/.config/discord/0.0.49/modules/pending/discord_spellcheck-1.zip: 51%
2024-04-09T19:04:50.078Z [Modules] Streaming discord_spellcheck@1 to /home/levon/.config/discord/0.0.49/modules/pending/discord_spellcheck-1.zip: 52%
2024-04-09T19:04:50.099Z [Modules] Streaming discord_spellcheck@1 to /home/levon/.config/discord/0.0.49/modules/pending/discord_spellcheck-1.zip: 53%
2024-04-09T19:04:50.104Z [Modules] Streaming discord_spellcheck@1 to /home/levon/.config/discord/0.0.49/modules/pending/discord_spellcheck-1.zip: 54%
2024-04-09T19:04:50.106Z [Modules] Streaming discord_spellcheck@1 to /home/levon/.config/discord/0.0.49/modules/pending/discord_spellcheck-1.zip: 56%
2024-04-09T19:04:50.115Z [Modules] Streaming discord_spellcheck@1 to /home/levon/.config/discord/0.0.49/modules/pending/discord_spellcheck-1.zip: 57%
2024-04-09T19:04:50.124Z [Modules] Streaming discord_spellcheck@1 to /home/levon/.config/discord/0.0.49/modules/pending/discord_spellcheck-1.zip: 58%
2024-04-09T19:04:50.129Z [Modules] Streaming discord_spellcheck@1 to /home/levon/.config/discord/0.0.49/modules/pending/discord_spellcheck-1.zip: 59%
2024-04-09T19:04:50.136Z [Modules] Streaming discord_spellcheck@1 to /home/levon/.config/discord/0.0.49/modules/pending/discord_spellcheck-1.zip: 60%
2024-04-09T19:04:50.145Z [Modules] Streaming discord_spellcheck@1 to /home/levon/.config/discord/0.0.49/modules/pending/discord_spellcheck-1.zip: 61%
2024-04-09T19:04:50.184Z [Modules] Streaming discord_spellcheck@1 to /home/levon/.config/discord/0.0.49/modules/pending/discord_spellcheck-1.zip: 62%
2024-04-09T19:04:50.185Z [Modules] Streaming discord_spellcheck@1 to /home/levon/.config/discord/0.0.49/modules/pending/discord_spellcheck-1.zip: 63%
2024-04-09T19:04:50.195Z [Modules] Streaming discord_spellcheck@1 to /home/levon/.config/discord/0.0.49/modules/pending/discord_spellcheck-1.zip: 64%
2024-04-09T19:04:50.197Z [Modules] Streaming discord_spellcheck@1 to /home/levon/.config/discord/0.0.49/modules/pending/discord_spellcheck-1.zip: 65%
2024-04-09T19:04:50.204Z [Modules] Streaming discord_spellcheck@1 to /home/levon/.config/discord/0.0.49/modules/pending/discord_spellcheck-1.zip: 66%
2024-04-09T19:04:50.213Z [Modules] Streaming discord_spellcheck@1 to /home/levon/.config/discord/0.0.49/modules/pending/discord_spellcheck-1.zip: 67%
2024-04-09T19:04:50.214Z [Modules] Streaming discord_spellcheck@1 to /home/levon/.config/discord/0.0.49/modules/pending/discord_spellcheck-1.zip: 68%
2024-04-09T19:04:50.230Z [Modules] Streaming discord_spellcheck@1 to /home/levon/.config/discord/0.0.49/modules/pending/discord_spellcheck-1.zip: 69%
2024-04-09T19:04:50.231Z [Modules] Streaming discord_spellcheck@1 to /home/levon/.config/discord/0.0.49/modules/pending/discord_spellcheck-1.zip: 70%
2024-04-09T19:04:50.250Z [Modules] Streaming discord_spellcheck@1 to /home/levon/.config/discord/0.0.49/modules/pending/discord_spellcheck-1.zip: 71%
2024-04-09T19:04:50.290Z [Modules] Streaming discord_spellcheck@1 to /home/levon/.config/discord/0.0.49/modules/pending/discord_spellcheck-1.zip: 72%
2024-04-09T19:04:50.291Z [Modules] Streaming discord_spellcheck@1 to /home/levon/.config/discord/0.0.49/modules/pending/discord_spellcheck-1.zip: 74%
2024-04-09T19:04:50.293Z [Modules] Streaming discord_spellcheck@1 to /home/levon/.config/discord/0.0.49/modules/pending/discord_spellcheck-1.zip: 77%
2024-04-09T19:04:50.349Z [Modules] Streaming discord_spellcheck@1 to /home/levon/.config/discord/0.0.49/modules/pending/discord_spellcheck-1.zip: 78%
2024-04-09T19:04:50.350Z [Modules] Streaming discord_spellcheck@1 to /home/levon/.config/discord/0.0.49/modules/pending/discord_spellcheck-1.zip: 80%
2024-04-09T19:04:50.352Z [Modules] Streaming discord_spellcheck@1 to /home/levon/.config/discord/0.0.49/modules/pending/discord_spellcheck-1.zip: 81%
2024-04-09T19:04:50.353Z [Modules] Streaming discord_spellcheck@1 to /home/levon/.config/discord/0.0.49/modules/pending/discord_spellcheck-1.zip: 82%
2024-04-09T19:04:50.356Z [Modules] Streaming discord_spellcheck@1 to /home/levon/.config/discord/0.0.49/modules/pending/discord_spellcheck-1.zip: 88%
2024-04-09T19:04:50.357Z [Modules] Streaming discord_spellcheck@1 to /home/levon/.config/discord/0.0.49/modules/pending/discord_spellcheck-1.zip: 89%
2024-04-09T19:04:50.364Z [Modules] Streaming discord_spellcheck@1 to /home/levon/.config/discord/0.0.49/modules/pending/discord_spellcheck-1.zip: 90%
2024-04-09T19:04:50.372Z [Modules] Streaming discord_spellcheck@1 to /home/levon/.config/discord/0.0.49/modules/pending/discord_spellcheck-1.zip: 91%
2024-04-09T19:04:50.380Z [Modules] Streaming discord_spellcheck@1 to /home/levon/.config/discord/0.0.49/modules/pending/discord_spellcheck-1.zip: 92%
2024-04-09T19:04:50.387Z [Modules] Streaming discord_spellcheck@1 to /home/levon/.config/discord/0.0.49/modules/pending/discord_spellcheck-1.zip: 93%
2024-04-09T19:04:50.394Z [Modules] Streaming discord_spellcheck@1 to /home/levon/.config/discord/0.0.49/modules/pending/discord_spellcheck-1.zip: 94%
2024-04-09T19:04:50.432Z [Modules] Streaming discord_spellcheck@1 to /home/levon/.config/discord/0.0.49/modules/pending/discord_spellcheck-1.zip: 95%
2024-04-09T19:04:50.435Z [Modules] Streaming discord_spellcheck@1 to /home/levon/.config/discord/0.0.49/modules/pending/discord_spellcheck-1.zip: 96%
2024-04-09T19:04:50.437Z [Modules] Streaming discord_spellcheck@1 to /home/levon/.config/discord/0.0.49/modules/pending/discord_spellcheck-1.zip: 98%
2024-04-09T19:04:50.439Z [Modules] Streaming discord_spellcheck@1 to /home/levon/.config/discord/0.0.49/modules/pending/discord_spellcheck-1.zip: 100%
2024-04-09T19:04:50.442Z [Modules] Fetching discord_utils@1 from https://discord.com/api/modules/stable/discord_utils/1
2024-04-09T19:04:50.442Z [Modules] Streaming discord_utils@1 to /home/levon/.config/discord/0.0.49/modules/pending/discord_utils-1.zip
2024-04-09T19:04:50.541Z [Modules] Streaming discord_utils@1 to /home/levon/.config/discord/0.0.49/modules/pending/discord_utils-1.zip: 1%
2024-04-09T19:04:50.545Z [Modules] Streaming discord_utils@1 to /home/levon/.config/discord/0.0.49/modules/pending/discord_utils-1.zip: 3%
2024-04-09T19:04:50.551Z [Modules] Streaming discord_utils@1 to /home/levon/.config/discord/0.0.49/modules/pending/discord_utils-1.zip: 5%
2024-04-09T19:04:50.554Z [Modules] Streaming discord_utils@1 to /home/levon/.config/discord/0.0.49/modules/pending/discord_utils-1.zip: 6%
2024-04-09T19:04:50.557Z [Modules] Streaming discord_utils@1 to /home/levon/.config/discord/0.0.49/modules/pending/discord_utils-1.zip: 7%
2024-04-09T19:04:50.562Z [Modules] Streaming discord_utils@1 to /home/levon/.config/discord/0.0.49/modules/pending/discord_utils-1.zip: 9%
2024-04-09T19:04:50.563Z [Modules] Streaming discord_utils@1 to /home/levon/.config/discord/0.0.49/modules/pending/discord_utils-1.zip: 10%
2024-04-09T19:04:50.567Z [Modules] Streaming discord_utils@1 to /home/levon/.config/discord/0.0.49/modules/pending/discord_utils-1.zip: 12%
2024-04-09T19:04:50.570Z [Modules] Streaming discord_utils@1 to /home/levon/.config/discord/0.0.49/modules/pending/discord_utils-1.zip: 13%
2024-04-09T19:04:50.576Z [Modules] Streaming discord_utils@1 to /home/levon/.config/discord/0.0.49/modules/pending/discord_utils-1.zip: 15%
2024-04-09T19:04:50.610Z [Modules] Streaming discord_utils@1 to /home/levon/.config/discord/0.0.49/modules/pending/discord_utils-1.zip: 16%
2024-04-09T19:04:50.613Z [Modules] Streaming discord_utils@1 to /home/levon/.config/discord/0.0.49/modules/pending/discord_utils-1.zip: 18%
2024-04-09T19:04:50.615Z [Modules] Streaming discord_utils@1 to /home/levon/.config/discord/0.0.49/modules/pending/discord_utils-1.zip: 20%
2024-04-09T19:04:50.616Z [Modules] Streaming discord_utils@1 to /home/levon/.config/discord/0.0.49/modules/pending/discord_utils-1.zip: 25%
2024-04-09T19:04:50.618Z [Modules] Streaming discord_utils@1 to /home/levon/.config/discord/0.0.49/modules/pending/discord_utils-1.zip: 29%
2024-04-09T19:04:50.635Z [Modules] Streaming discord_utils@1 to /home/levon/.config/discord/0.0.49/modules/pending/discord_utils-1.zip: 31%
2024-04-09T19:04:50.637Z [Modules] Streaming discord_utils@1 to /home/levon/.config/discord/0.0.49/modules/pending/discord_utils-1.zip: 40%
2024-04-09T19:04:50.639Z [Modules] Streaming discord_utils@1 to /home/levon/.config/discord/0.0.49/modules/pending/discord_utils-1.zip: 42%
2024-04-09T19:04:50.640Z [Modules] Streaming discord_utils@1 to /home/levon/.config/discord/0.0.49/modules/pending/discord_utils-1.zip: 44%
2024-04-09T19:04:50.644Z [Modules] Streaming discord_utils@1 to /home/levon/.config/discord/0.0.49/modules/pending/discord_utils-1.zip: 45%
2024-04-09T19:04:50.681Z [Modules] Streaming discord_utils@1 to /home/levon/.config/discord/0.0.49/modules/pending/discord_utils-1.zip: 47%
2024-04-09T19:04:50.682Z [Modules] Streaming discord_utils@1 to /home/levon/.config/discord/0.0.49/modules/pending/discord_utils-1.zip: 50%
2024-04-09T19:04:50.684Z [Modules] Streaming discord_utils@1 to /home/levon/.config/discord/0.0.49/modules/pending/discord_utils-1.zip: 56%
2024-04-09T19:04:50.685Z [Modules] Streaming discord_utils@1 to /home/levon/.config/discord/0.0.49/modules/pending/discord_utils-1.zip: 57%
2024-04-09T19:04:50.737Z [Modules] Streaming discord_utils@1 to /home/levon/.config/discord/0.0.49/modules/pending/discord_utils-1.zip: 60%
2024-04-09T19:04:50.738Z [Modules] Streaming discord_utils@1 to /home/levon/.config/discord/0.0.49/modules/pending/discord_utils-1.zip: 61%
2024-04-09T19:04:50.740Z [Modules] Streaming discord_utils@1 to /home/levon/.config/discord/0.0.49/modules/pending/discord_utils-1.zip: 63%
2024-04-09T19:04:50.741Z [Modules] Streaming discord_utils@1 to /home/levon/.config/discord/0.0.49/modules/pending/discord_utils-1.zip: 66%
2024-04-09T19:04:50.742Z [Modules] Streaming discord_utils@1 to /home/levon/.config/discord/0.0.49/modules/pending/discord_utils-1.zip: 69%
2024-04-09T19:04:50.744Z [Modules] Streaming discord_utils@1 to /home/levon/.config/discord/0.0.49/modules/pending/discord_utils-1.zip: 72%
2024-04-09T19:04:50.745Z [Modules] Streaming discord_utils@1 to /home/levon/.config/discord/0.0.49/modules/pending/discord_utils-1.zip: 76%
2024-04-09T19:04:50.746Z [Modules] Streaming discord_utils@1 to /home/levon/.config/discord/0.0.49/modules/pending/discord_utils-1.zip: 82%
2024-04-09T19:04:50.767Z [Modules] Streaming discord_utils@1 to /home/levon/.config/discord/0.0.49/modules/pending/discord_utils-1.zip: 84%
2024-04-09T19:04:50.770Z [Modules] Streaming discord_utils@1 to /home/levon/.config/discord/0.0.49/modules/pending/discord_utils-1.zip: 85%
2024-04-09T19:04:50.779Z [Modules] Streaming discord_utils@1 to /home/levon/.config/discord/0.0.49/modules/pending/discord_utils-1.zip: 87%
2024-04-09T19:04:50.779Z [Modules] Streaming discord_utils@1 to /home/levon/.config/discord/0.0.49/modules/pending/discord_utils-1.zip: 90%
2024-04-09T19:04:50.780Z [Modules] Streaming discord_utils@1 to /home/levon/.config/discord/0.0.49/modules/pending/discord_utils-1.zip: 94%
2024-04-09T19:04:50.782Z [Modules] Streaming discord_utils@1 to /home/levon/.config/discord/0.0.49/modules/pending/discord_utils-1.zip: 100%
2024-04-09T19:04:50.785Z [Modules] Fetching discord_voice@1 from https://discord.com/api/modules/stable/discord_voice/1
2024-04-09T19:04:50.785Z [Modules] Streaming discord_voice@1 to /home/levon/.config/discord/0.0.49/modules/pending/discord_voice-1.zip
2024-04-09T19:04:50.902Z [Modules] Streaming discord_voice@1 to /home/levon/.config/discord/0.0.49/modules/pending/discord_voice-1.zip: 1%
2024-04-09T19:04:50.955Z [Modules] Streaming discord_voice@1 to /home/levon/.config/discord/0.0.49/modules/pending/discord_voice-1.zip: 2%
2024-04-09T19:04:50.965Z [Modules] Streaming discord_voice@1 to /home/levon/.config/discord/0.0.49/modules/pending/discord_voice-1.zip: 3%
2024-04-09T19:04:50.983Z [Modules] Streaming discord_voice@1 to /home/levon/.config/discord/0.0.49/modules/pending/discord_voice-1.zip: 4%
2024-04-09T19:04:50.985Z [Modules] Streaming discord_voice@1 to /home/levon/.config/discord/0.0.49/modules/pending/discord_voice-1.zip: 5%
2024-04-09T19:04:51.026Z [Modules] Streaming discord_voice@1 to /home/levon/.config/discord/0.0.49/modules/pending/discord_voice-1.zip: 6%
2024-04-09T19:04:51.028Z [Modules] Streaming discord_voice@1 to /home/levon/.config/discord/0.0.49/modules/pending/discord_voice-1.zip: 7%
2024-04-09T19:04:51.038Z [Modules] Streaming discord_voice@1 to /home/levon/.config/discord/0.0.49/modules/pending/discord_voice-1.zip: 8%
2024-04-09T19:04:51.055Z [Modules] Streaming discord_voice@1 to /home/levon/.config/discord/0.0.49/modules/pending/discord_voice-1.zip: 9%
2024-04-09T19:04:51.101Z [Modules] Streaming discord_voice@1 to /home/levon/.config/discord/0.0.49/modules/pending/discord_voice-1.zip: 10%
2024-04-09T19:04:51.107Z [Modules] Streaming discord_voice@1 to /home/levon/.config/discord/0.0.49/modules/pending/discord_voice-1.zip: 11%
2024-04-09T19:04:51.113Z [Modules] Streaming discord_voice@1 to /home/levon/.config/discord/0.0.49/modules/pending/discord_voice-1.zip: 12%
2024-04-09T19:04:51.133Z [Modules] Streaming discord_voice@1 to /home/levon/.config/discord/0.0.49/modules/pending/discord_voice-1.zip: 13%
2024-04-09T19:04:51.181Z [Modules] Streaming discord_voice@1 to /home/levon/.config/discord/0.0.49/modules/pending/discord_voice-1.zip: 14%
2024-04-09T19:04:51.196Z [Modules] Streaming discord_voice@1 to /home/levon/.config/discord/0.0.49/modules/pending/discord_voice-1.zip: 15%
2024-04-09T19:04:51.198Z [Modules] Streaming discord_voice@1 to /home/levon/.config/discord/0.0.49/modules/pending/discord_voice-1.zip: 16%
2024-04-09T19:04:51.241Z [Modules] Streaming discord_voice@1 to /home/levon/.config/discord/0.0.49/modules/pending/discord_voice-1.zip: 17%
2024-04-09T19:04:51.250Z [Modules] Streaming discord_voice@1 to /home/levon/.config/discord/0.0.49/modules/pending/discord_voice-1.zip: 18%
2024-04-09T19:04:51.271Z [Modules] Streaming discord_voice@1 to /home/levon/.config/discord/0.0.49/modules/pending/discord_voice-1.zip: 19%
2024-04-09T19:04:51.272Z [Modules] Streaming discord_voice@1 to /home/levon/.config/discord/0.0.49/modules/pending/discord_voice-1.zip: 20%
2024-04-09T19:04:51.285Z [Modules] Streaming discord_voice@1 to /home/levon/.config/discord/0.0.49/modules/pending/discord_voice-1.zip: 21%
2024-04-09T19:04:51.334Z [Modules] Streaming discord_voice@1 to /home/levon/.config/discord/0.0.49/modules/pending/discord_voice-1.zip: 22%
2024-04-09T19:04:51.348Z [Modules] Streaming discord_voice@1 to /home/levon/.config/discord/0.0.49/modules/pending/discord_voice-1.zip: 23%
2024-04-09T19:04:51.350Z [Modules] Streaming discord_voice@1 to /home/levon/.config/discord/0.0.49/modules/pending/discord_voice-1.zip: 24%
2024-04-09T19:04:51.394Z [Modules] Streaming discord_voice@1 to /home/levon/.config/discord/0.0.49/modules/pending/discord_voice-1.zip: 25%
2024-04-09T19:04:51.406Z [Modules] Streaming discord_voice@1 to /home/levon/.config/discord/0.0.49/modules/pending/discord_voice-1.zip: 26%
2024-04-09T19:04:51.425Z [Modules] Streaming discord_voice@1 to /home/levon/.config/discord/0.0.49/modules/pending/discord_voice-1.zip: 27%
2024-04-09T19:04:51.427Z [Modules] Streaming discord_voice@1 to /home/levon/.config/discord/0.0.49/modules/pending/discord_voice-1.zip: 28%
2024-04-09T19:04:51.471Z [Modules] Streaming discord_voice@1 to /home/levon/.config/discord/0.0.49/modules/pending/discord_voice-1.zip: 29%
2024-04-09T19:04:51.481Z [Modules] Streaming discord_voice@1 to /home/levon/.config/discord/0.0.49/modules/pending/discord_voice-1.zip: 30%
2024-04-09T19:04:51.500Z [Modules] Streaming discord_voice@1 to /home/levon/.config/discord/0.0.49/modules/pending/discord_voice-1.zip: 31%
2024-04-09T19:04:51.501Z [Modules] Streaming discord_voice@1 to /home/levon/.config/discord/0.0.49/modules/pending/discord_voice-1.zip: 32%
2024-04-09T19:04:51.541Z [Modules] Streaming discord_voice@1 to /home/levon/.config/discord/0.0.49/modules/pending/discord_voice-1.zip: 33%
2024-04-09T19:04:51.542Z [Modules] Streaming discord_voice@1 to /home/levon/.config/discord/0.0.49/modules/pending/discord_voice-1.zip: 34%
2024-04-09T19:04:51.572Z [Modules] Streaming discord_voice@1 to /home/levon/.config/discord/0.0.49/modules/pending/discord_voice-1.zip: 35%
2024-04-09T19:04:51.574Z [Modules] Streaming discord_voice@1 to /home/levon/.config/discord/0.0.49/modules/pending/discord_voice-1.zip: 36%
2024-04-09T19:04:51.616Z [Modules] Streaming discord_voice@1 to /home/levon/.config/discord/0.0.49/modules/pending/discord_voice-1.zip: 37%
2024-04-09T19:04:51.644Z [Modules] Streaming discord_voice@1 to /home/levon/.config/discord/0.0.49/modules/pending/discord_voice-1.zip: 38%
2024-04-09T19:04:51.661Z [Modules] Streaming discord_voice@1 to /home/levon/.config/discord/0.0.49/modules/pending/discord_voice-1.zip: 39%
2024-04-09T19:04:51.685Z [Modules] Streaming discord_voice@1 to /home/levon/.config/discord/0.0.49/modules/pending/discord_voice-1.zip: 40%
2024-04-09T19:04:51.690Z [Modules] Streaming discord_voice@1 to /home/levon/.config/discord/0.0.49/modules/pending/discord_voice-1.zip: 41%
2024-04-09T19:04:51.721Z [Modules] Streaming discord_voice@1 to /home/levon/.config/discord/0.0.49/modules/pending/discord_voice-1.zip: 42%
2024-04-09T19:04:51.734Z [Modules] Streaming discord_voice@1 to /home/levon/.config/discord/0.0.49/modules/pending/discord_voice-1.zip: 43%
2024-04-09T19:04:51.745Z [Modules] Streaming discord_voice@1 to /home/levon/.config/discord/0.0.49/modules/pending/discord_voice-1.zip: 44%
2024-04-09T19:04:51.802Z [Modules] Streaming discord_voice@1 to /home/levon/.config/discord/0.0.49/modules/pending/discord_voice-1.zip: 45%
2024-04-09T19:04:51.805Z [Modules] Streaming discord_voice@1 to /home/levon/.config/discord/0.0.49/modules/pending/discord_voice-1.zip: 46%
2024-04-09T19:04:51.808Z [Modules] Streaming discord_voice@1 to /home/levon/.config/discord/0.0.49/modules/pending/discord_voice-1.zip: 47%
2024-04-09T19:04:51.830Z [Modules] Streaming discord_voice@1 to /home/levon/.config/discord/0.0.49/modules/pending/discord_voice-1.zip: 48%
2024-04-09T19:04:51.832Z [Modules] Streaming discord_voice@1 to /home/levon/.config/discord/0.0.49/modules/pending/discord_voice-1.zip: 49%
2024-04-09T19:04:51.875Z [Modules] Streaming discord_voice@1 to /home/levon/.config/discord/0.0.49/modules/pending/discord_voice-1.zip: 50%
2024-04-09T19:04:51.882Z [Modules] Streaming discord_voice@1 to /home/levon/.config/discord/0.0.49/modules/pending/discord_voice-1.zip: 51%
2024-04-09T19:04:51.908Z [Modules] Streaming discord_voice@1 to /home/levon/.config/discord/0.0.49/modules/pending/discord_voice-1.zip: 52%
2024-04-09T19:04:51.925Z [Modules] Streaming discord_voice@1 to /home/levon/.config/discord/0.0.49/modules/pending/discord_voice-1.zip: 53%
2024-04-09T19:04:51.926Z [Modules] Streaming discord_voice@1 to /home/levon/.config/discord/0.0.49/modules/pending/discord_voice-1.zip: 54%
2024-04-09T19:04:52.036Z [Modules] Streaming discord_voice@1 to /home/levon/.config/discord/0.0.49/modules/pending/discord_voice-1.zip: 55%
2024-04-09T19:04:52.038Z [Modules] Streaming discord_voice@1 to /home/levon/.config/discord/0.0.49/modules/pending/discord_voice-1.zip: 56%
2024-04-09T19:04:52.040Z [Modules] Streaming discord_voice@1 to /home/levon/.config/discord/0.0.49/modules/pending/discord_voice-1.zip: 57%
2024-04-09T19:04:52.041Z [Modules] Streaming discord_voice@1 to /home/levon/.config/discord/0.0.49/modules/pending/discord_voice-1.zip: 58%
2024-04-09T19:04:52.049Z [Modules] Streaming discord_voice@1 to /home/levon/.config/discord/0.0.49/modules/pending/discord_voice-1.zip: 59%
2024-04-09T19:04:52.051Z [Modules] Streaming discord_voice@1 to /home/levon/.config/discord/0.0.49/modules/pending/discord_voice-1.zip: 60%
2024-04-09T19:04:52.065Z [Modules] Streaming discord_voice@1 to /home/levon/.config/discord/0.0.49/modules/pending/discord_voice-1.zip: 61%
2024-04-09T19:04:52.085Z [Modules] Streaming discord_voice@1 to /home/levon/.config/discord/0.0.49/modules/pending/discord_voice-1.zip: 62%
2024-04-09T19:04:52.101Z [Modules] Streaming discord_voice@1 to /home/levon/.config/discord/0.0.49/modules/pending/discord_voice-1.zip: 63%
2024-04-09T19:04:52.155Z [Modules] Streaming discord_voice@1 to /home/levon/.config/discord/0.0.49/modules/pending/discord_voice-1.zip: 64%
2024-04-09T19:04:52.163Z [Modules] Streaming discord_voice@1 to /home/levon/.config/discord/0.0.49/modules/pending/discord_voice-1.zip: 65%
2024-04-09T19:04:52.165Z [Modules] Streaming discord_voice@1 to /home/levon/.config/discord/0.0.49/modules/pending/discord_voice-1.zip: 66%
2024-04-09T19:04:52.194Z [Modules] Streaming discord_voice@1 to /home/levon/.config/discord/0.0.49/modules/pending/discord_voice-1.zip: 67%
2024-04-09T19:04:52.224Z [Modules] Streaming discord_voice@1 to /home/levon/.config/discord/0.0.49/modules/pending/discord_voice-1.zip: 68%
2024-04-09T19:04:52.226Z [Modules] Streaming discord_voice@1 to /home/levon/.config/discord/0.0.49/modules/pending/discord_voice-1.zip: 69%
2024-04-09T19:04:52.266Z [Modules] Streaming discord_voice@1 to /home/levon/.config/discord/0.0.49/modules/pending/discord_voice-1.zip: 70%
2024-04-09T19:04:52.275Z [Modules] Streaming discord_voice@1 to /home/levon/.config/discord/0.0.49/modules/pending/discord_voice-1.zip: 71%
2024-04-09T19:04:52.297Z [Modules] Streaming discord_voice@1 to /home/levon/.config/discord/0.0.49/modules/pending/discord_voice-1.zip: 72%
2024-04-09T19:04:52.299Z [Modules] Streaming discord_voice@1 to /home/levon/.config/discord/0.0.49/modules/pending/discord_voice-1.zip: 73%
2024-04-09T19:04:52.342Z [Modules] Streaming discord_voice@1 to /home/levon/.config/discord/0.0.49/modules/pending/discord_voice-1.zip: 74%
2024-04-09T19:04:52.349Z [Modules] Streaming discord_voice@1 to /home/levon/.config/discord/0.0.49/modules/pending/discord_voice-1.zip: 75%
2024-04-09T19:04:52.350Z [Modules] Streaming discord_voice@1 to /home/levon/.config/discord/0.0.49/modules/pending/discord_voice-1.zip: 76%
2024-04-09T19:04:52.371Z [Modules] Streaming discord_voice@1 to /home/levon/.config/discord/0.0.49/modules/pending/discord_voice-1.zip: 77%
2024-04-09T19:04:52.449Z [Modules] Streaming discord_voice@1 to /home/levon/.config/discord/0.0.49/modules/pending/discord_voice-1.zip: 78%
2024-04-09T19:04:52.451Z [Modules] Streaming discord_voice@1 to /home/levon/.config/discord/0.0.49/modules/pending/discord_voice-1.zip: 79%
2024-04-09T19:04:52.452Z [Modules] Streaming discord_voice@1 to /home/levon/.config/discord/0.0.49/modules/pending/discord_voice-1.zip: 80%
2024-04-09T19:04:52.475Z [Modules] Streaming discord_voice@1 to /home/levon/.config/discord/0.0.49/modules/pending/discord_voice-1.zip: 81%
2024-04-09T19:04:52.495Z [Modules] Streaming discord_voice@1 to /home/levon/.config/discord/0.0.49/modules/pending/discord_voice-1.zip: 82%
2024-04-09T19:04:52.497Z [Modules] Streaming discord_voice@1 to /home/levon/.config/discord/0.0.49/modules/pending/discord_voice-1.zip: 83%
2024-04-09T19:04:52.520Z [Modules] Streaming discord_voice@1 to /home/levon/.config/discord/0.0.49/modules/pending/discord_voice-1.zip: 84%
2024-04-09T19:04:52.553Z [Modules] Streaming discord_voice@1 to /home/levon/.config/discord/0.0.49/modules/pending/discord_voice-1.zip: 85%
2024-04-09T19:04:52.563Z [Modules] Streaming discord_voice@1 to /home/levon/.config/discord/0.0.49/modules/pending/discord_voice-1.zip: 86%
2024-04-09T19:04:52.564Z [Modules] Streaming discord_voice@1 to /home/levon/.config/discord/0.0.49/modules/pending/discord_voice-1.zip: 87%
2024-04-09T19:04:52.608Z [Modules] Streaming discord_voice@1 to /home/levon/.config/discord/0.0.49/modules/pending/discord_voice-1.zip: 88%
2024-04-09T19:04:52.635Z [Modules] Streaming discord_voice@1 to /home/levon/.config/discord/0.0.49/modules/pending/discord_voice-1.zip: 89%
2024-04-09T19:04:52.669Z [Modules] Streaming discord_voice@1 to /home/levon/.config/discord/0.0.49/modules/pending/discord_voice-1.zip: 90%
2024-04-09T19:04:52.671Z [Modules] Streaming discord_voice@1 to /home/levon/.config/discord/0.0.49/modules/pending/discord_voice-1.zip: 91%
2024-04-09T19:04:52.683Z [Modules] Streaming discord_voice@1 to /home/levon/.config/discord/0.0.49/modules/pending/discord_voice-1.zip: 92%
2024-04-09T19:04:52.709Z [Modules] Streaming discord_voice@1 to /home/levon/.config/discord/0.0.49/modules/pending/discord_voice-1.zip: 93%
2024-04-09T19:04:52.714Z [Modules] Streaming discord_voice@1 to /home/levon/.config/discord/0.0.49/modules/pending/discord_voice-1.zip: 94%
2024-04-09T19:04:52.812Z [Modules] Streaming discord_voice@1 to /home/levon/.config/discord/0.0.49/modules/pending/discord_voice-1.zip: 95%
2024-04-09T19:04:52.821Z [Modules] Streaming discord_voice@1 to /home/levon/.config/discord/0.0.49/modules/pending/discord_voice-1.zip: 96%
2024-04-09T19:04:52.836Z [Modules] Streaming discord_voice@1 to /home/levon/.config/discord/0.0.49/modules/pending/discord_voice-1.zip: 97%
2024-04-09T19:04:52.837Z [Modules] Streaming discord_voice@1 to /home/levon/.config/discord/0.0.49/modules/pending/discord_voice-1.zip: 98%
2024-04-09T19:04:52.858Z [Modules] Streaming discord_voice@1 to /home/levon/.config/discord/0.0.49/modules/pending/discord_voice-1.zip: 99%
2024-04-09T19:04:52.877Z [Modules] Streaming discord_voice@1 to /home/levon/.config/discord/0.0.49/modules/pending/discord_voice-1.zip: 100%
2024-04-09T19:04:52.879Z [Modules] Finished module downloads. [success: 5] [failure: 0]
2024-04-09T19:04:52.879Z [Modules] Installing updates...
2024-04-09T19:04:52.879Z [Modules] Installing discord_desktop_core@1 from /home/levon/.config/discord/0.0.49/modules/pending/discord_desktop_core-1.zip
2024-04-09T19:04:53.017Z [Modules] Installing discord_erlpack@1 from /home/levon/.config/discord/0.0.49/modules/pending/discord_erlpack-1.zip
2024-04-09T19:04:53.118Z [Modules] Installing discord_spellcheck@1 from /home/levon/.config/discord/0.0.49/modules/pending/discord_spellcheck-1.zip
2024-04-09T19:04:54.359Z [Modules] Installing discord_utils@1 from /home/levon/.config/discord/0.0.49/modules/pending/discord_utils-1.zip
2024-04-09T19:04:54.622Z [Modules] Installing discord_voice@1 from /home/levon/.config/discord/0.0.49/modules/pending/discord_voice-1.zip
2024-04-09T19:04:55.940Z [Modules] Finished module installations. [success: 5] [failure: 0]
2024-04-09T19:04:55.940Z [Modules] Checking for host updates.
2024-04-09T19:04:56.024Z [Modules] Host is up to date.
2024-04-09T19:04:56.024Z [Modules] Checking for module updates at https://discord.com/api/modules/stable/versions.json
2024-04-09T19:04:56.029Z [Modules] No module updates available.
2024-04-09T19:04:57.616Z [Modules] Starting to install discord_krisp...
2024-04-09T19:04:57.616Z [Modules] Fetching discord_krisp@1 from https://discord.com/api/modules/stable/discord_krisp/1
2024-04-09T19:04:57.617Z [Modules] Streaming discord_krisp@1 to /home/levon/.config/discord/0.0.49/modules/pending/discord_krisp-1.zip
2024-04-09T19:04:57.627Z [Modules] Starting to install discord_game_utils...
2024-04-09T19:04:57.760Z [Modules] Streaming discord_krisp@1 to /home/levon/.config/discord/0.0.49/modules/pending/discord_krisp-1.zip: 1%
2024-04-09T19:04:57.775Z [Modules] Streaming discord_krisp@1 to /home/levon/.config/discord/0.0.49/modules/pending/discord_krisp-1.zip: 2%
2024-04-09T19:04:57.822Z [Modules] Streaming discord_krisp@1 to /home/levon/.config/discord/0.0.49/modules/pending/discord_krisp-1.zip: 3%
2024-04-09T19:04:57.824Z [Modules] Streaming discord_krisp@1 to /home/levon/.config/discord/0.0.49/modules/pending/discord_krisp-1.zip: 4%
2024-04-09T19:04:57.826Z [Modules] Streaming discord_krisp@1 to /home/levon/.config/discord/0.0.49/modules/pending/discord_krisp-1.zip: 5%
2024-04-09T19:04:57.874Z [Modules] Streaming discord_krisp@1 to /home/levon/.config/discord/0.0.49/modules/pending/discord_krisp-1.zip: 6%
2024-04-09T19:04:57.887Z [Modules] Streaming discord_krisp@1 to /home/levon/.config/discord/0.0.49/modules/pending/discord_krisp-1.zip: 7%
2024-04-09T19:04:57.894Z [Modules] Streaming discord_krisp@1 to /home/levon/.config/discord/0.0.49/modules/pending/discord_krisp-1.zip: 8%
2024-04-09T19:04:57.896Z [Modules] Streaming discord_krisp@1 to /home/levon/.config/discord/0.0.49/modules/pending/discord_krisp-1.zip: 9%
2024-04-09T19:04:57.907Z [Modules] Streaming discord_krisp@1 to /home/levon/.config/discord/0.0.49/modules/pending/discord_krisp-1.zip: 10%
2024-04-09T19:04:57.953Z [Modules] Streaming discord_krisp@1 to /home/levon/.config/discord/0.0.49/modules/pending/discord_krisp-1.zip: 11%
2024-04-09T19:04:57.960Z [Modules] Streaming discord_krisp@1 to /home/levon/.config/discord/0.0.49/modules/pending/discord_krisp-1.zip: 12%
2024-04-09T19:04:57.961Z [Modules] Streaming discord_krisp@1 to /home/levon/.config/discord/0.0.49/modules/pending/discord_krisp-1.zip: 13%
2024-04-09T19:04:58.012Z [Modules] Streaming discord_krisp@1 to /home/levon/.config/discord/0.0.49/modules/pending/discord_krisp-1.zip: 14%
2024-04-09T19:04:58.022Z [Modules] Streaming discord_krisp@1 to /home/levon/.config/discord/0.0.49/modules/pending/discord_krisp-1.zip: 15%
2024-04-09T19:04:58.029Z [Modules] Streaming discord_krisp@1 to /home/levon/.config/discord/0.0.49/modules/pending/discord_krisp-1.zip: 16%
2024-04-09T19:04:58.031Z [Modules] Streaming discord_krisp@1 to /home/levon/.config/discord/0.0.49/modules/pending/discord_krisp-1.zip: 17%
2024-04-09T19:04:58.046Z [Modules] Streaming discord_krisp@1 to /home/levon/.config/discord/0.0.49/modules/pending/discord_krisp-1.zip: 18%
2024-04-09T19:04:58.056Z [Modules] Streaming discord_krisp@1 to /home/levon/.config/discord/0.0.49/modules/pending/discord_krisp-1.zip: 19%
2024-04-09T19:04:58.101Z [Modules] Streaming discord_krisp@1 to /home/levon/.config/discord/0.0.49/modules/pending/discord_krisp-1.zip: 20%
2024-04-09T19:04:58.113Z [Modules] Streaming discord_krisp@1 to /home/levon/.config/discord/0.0.49/modules/pending/discord_krisp-1.zip: 21%
2024-04-09T19:04:58.119Z [Modules] Streaming discord_krisp@1 to /home/levon/.config/discord/0.0.49/modules/pending/discord_krisp-1.zip: 22%
2024-04-09T19:04:58.126Z [Modules] Streaming discord_krisp@1 to /home/levon/.config/discord/0.0.49/modules/pending/discord_krisp-1.zip: 23%
2024-04-09T19:04:58.184Z [Modules] Streaming discord_krisp@1 to /home/levon/.config/discord/0.0.49/modules/pending/discord_krisp-1.zip: 24%
2024-04-09T19:04:58.187Z [Modules] Streaming discord_krisp@1 to /home/levon/.config/discord/0.0.49/modules/pending/discord_krisp-1.zip: 25%
2024-04-09T19:04:58.190Z [Modules] Streaming discord_krisp@1 to /home/levon/.config/discord/0.0.49/modules/pending/discord_krisp-1.zip: 26%
2024-04-09T19:04:58.270Z [Modules] Streaming discord_krisp@1 to /home/levon/.config/discord/0.0.49/modules/pending/discord_krisp-1.zip: 27%
2024-04-09T19:04:58.272Z [Modules] Streaming discord_krisp@1 to /home/levon/.config/discord/0.0.49/modules/pending/discord_krisp-1.zip: 28%
2024-04-09T19:04:58.273Z [Modules] Streaming discord_krisp@1 to /home/levon/.config/discord/0.0.49/modules/pending/discord_krisp-1.zip: 29%
2024-04-09T19:04:58.315Z [Modules] Streaming discord_krisp@1 to /home/levon/.config/discord/0.0.49/modules/pending/discord_krisp-1.zip: 30%
2024-04-09T19:04:58.394Z [Modules] Streaming discord_krisp@1 to /home/levon/.config/discord/0.0.49/modules/pending/discord_krisp-1.zip: 31%
2024-04-09T19:04:58.395Z [Modules] Streaming discord_krisp@1 to /home/levon/.config/discord/0.0.49/modules/pending/discord_krisp-1.zip: 32%
2024-04-09T19:04:58.396Z [Modules] Streaming discord_krisp@1 to /home/levon/.config/discord/0.0.49/modules/pending/discord_krisp-1.zip: 33%
2024-04-09T19:04:58.417Z [Modules] Streaming discord_krisp@1 to /home/levon/.config/discord/0.0.49/modules/pending/discord_krisp-1.zip: 34%
2024-04-09T19:04:58.419Z [Modules] Streaming discord_krisp@1 to /home/levon/.config/discord/0.0.49/modules/pending/discord_krisp-1.zip: 35%
2024-04-09T19:04:58.420Z [Modules] Streaming discord_krisp@1 to /home/levon/.config/discord/0.0.49/modules/pending/discord_krisp-1.zip: 36%
2024-04-09T19:04:58.422Z [Modules] Streaming discord_krisp@1 to /home/levon/.config/discord/0.0.49/modules/pending/discord_krisp-1.zip: 37%
2024-04-09T19:04:58.435Z [Modules] Streaming discord_krisp@1 to /home/levon/.config/discord/0.0.49/modules/pending/discord_krisp-1.zip: 38%
2024-04-09T19:04:58.488Z [Modules] Streaming discord_krisp@1 to /home/levon/.config/discord/0.0.49/modules/pending/discord_krisp-1.zip: 39%
2024-04-09T19:04:58.494Z [Modules] Streaming discord_krisp@1 to /home/levon/.config/discord/0.0.49/modules/pending/discord_krisp-1.zip: 40%
2024-04-09T19:04:58.501Z [Modules] Streaming discord_krisp@1 to /home/levon/.config/discord/0.0.49/modules/pending/discord_krisp-1.zip: 41%
2024-04-09T19:04:58.544Z [Modules] Streaming discord_krisp@1 to /home/levon/.config/discord/0.0.49/modules/pending/discord_krisp-1.zip: 42%
2024-04-09T19:04:58.554Z [Modules] Streaming discord_krisp@1 to /home/levon/.config/discord/0.0.49/modules/pending/discord_krisp-1.zip: 43%
2024-04-09T19:04:58.578Z [Modules] Streaming discord_krisp@1 to /home/levon/.config/discord/0.0.49/modules/pending/discord_krisp-1.zip: 44%
2024-04-09T19:04:58.579Z [Modules] Streaming discord_krisp@1 to /home/levon/.config/discord/0.0.49/modules/pending/discord_krisp-1.zip: 45%
2024-04-09T19:04:58.617Z [Modules] Streaming discord_krisp@1 to /home/levon/.config/discord/0.0.49/modules/pending/discord_krisp-1.zip: 46%
2024-04-09T19:04:58.619Z [Modules] Streaming discord_krisp@1 to /home/levon/.config/discord/0.0.49/modules/pending/discord_krisp-1.zip: 47%
2024-04-09T19:04:58.654Z [Modules] Streaming discord_krisp@1 to /home/levon/.config/discord/0.0.49/modules/pending/discord_krisp-1.zip: 48%
2024-04-09T19:04:58.771Z [Modules] Streaming discord_krisp@1 to /home/levon/.config/discord/0.0.49/modules/pending/discord_krisp-1.zip: 49%
2024-04-09T19:04:58.773Z [Modules] Streaming discord_krisp@1 to /home/levon/.config/discord/0.0.49/modules/pending/discord_krisp-1.zip: 50%
2024-04-09T19:04:58.797Z [Modules] Streaming discord_krisp@1 to /home/levon/.config/discord/0.0.49/modules/pending/discord_krisp-1.zip: 51%
2024-04-09T19:04:58.798Z [Modules] Streaming discord_krisp@1 to /home/levon/.config/discord/0.0.49/modules/pending/discord_krisp-1.zip: 52%
2024-04-09T19:04:58.801Z [Modules] Streaming discord_krisp@1 to /home/levon/.config/discord/0.0.49/modules/pending/discord_krisp-1.zip: 53%
2024-04-09T19:04:58.802Z [Modules] Streaming discord_krisp@1 to /home/levon/.config/discord/0.0.49/modules/pending/discord_krisp-1.zip: 54%
2024-04-09T19:04:58.812Z [Modules] Streaming discord_krisp@1 to /home/levon/.config/discord/0.0.49/modules/pending/discord_krisp-1.zip: 55%
2024-04-09T19:04:58.831Z [Modules] Streaming discord_krisp@1 to /home/levon/.config/discord/0.0.49/modules/pending/discord_krisp-1.zip: 56%
2024-04-09T19:04:58.911Z [Modules] Streaming discord_krisp@1 to /home/levon/.config/discord/0.0.49/modules/pending/discord_krisp-1.zip: 57%
2024-04-09T19:04:58.912Z [Modules] Streaming discord_krisp@1 to /home/levon/.config/discord/0.0.49/modules/pending/discord_krisp-1.zip: 58%
2024-04-09T19:04:58.943Z [Modules] Streaming discord_krisp@1 to /home/levon/.config/discord/0.0.49/modules/pending/discord_krisp-1.zip: 59%
2024-04-09T19:04:58.944Z [Modules] Streaming discord_krisp@1 to /home/levon/.config/discord/0.0.49/modules/pending/discord_krisp-1.zip: 60%
2024-04-09T19:04:58.947Z [Modules] Streaming discord_krisp@1 to /home/levon/.config/discord/0.0.49/modules/pending/discord_krisp-1.zip: 61%
2024-04-09T19:04:58.966Z [Modules] Streaming discord_krisp@1 to /home/levon/.config/discord/0.0.49/modules/pending/discord_krisp-1.zip: 62%
2024-04-09T19:04:58.984Z [Modules] Streaming discord_krisp@1 to /home/levon/.config/discord/0.0.49/modules/pending/discord_krisp-1.zip: 63%
2024-04-09T19:04:58.987Z [Modules] Streaming discord_krisp@1 to /home/levon/.config/discord/0.0.49/modules/pending/discord_krisp-1.zip: 64%
2024-04-09T19:04:58.995Z [Modules] Streaming discord_krisp@1 to /home/levon/.config/discord/0.0.49/modules/pending/discord_krisp-1.zip: 65%
2024-04-09T19:04:59.015Z [Modules] Streaming discord_krisp@1 to /home/levon/.config/discord/0.0.49/modules/pending/discord_krisp-1.zip: 66%
2024-04-09T19:04:59.078Z [Modules] Streaming discord_krisp@1 to /home/levon/.config/discord/0.0.49/modules/pending/discord_krisp-1.zip: 67%
2024-04-09T19:04:59.080Z [Modules] Streaming discord_krisp@1 to /home/levon/.config/discord/0.0.49/modules/pending/discord_krisp-1.zip: 68%
2024-04-09T19:04:59.097Z [Modules] Streaming discord_krisp@1 to /home/levon/.config/discord/0.0.49/modules/pending/discord_krisp-1.zip: 69%
2024-04-09T19:04:59.112Z [Modules] Streaming discord_krisp@1 to /home/levon/.config/discord/0.0.49/modules/pending/discord_krisp-1.zip: 70%
2024-04-09T19:04:59.157Z [Modules] Streaming discord_krisp@1 to /home/levon/.config/discord/0.0.49/modules/pending/discord_krisp-1.zip: 71%
2024-04-09T19:04:59.164Z [Modules] Streaming discord_krisp@1 to /home/levon/.config/discord/0.0.49/modules/pending/discord_krisp-1.zip: 72%
2024-04-09T19:04:59.175Z [Modules] Streaming discord_krisp@1 to /home/levon/.config/discord/0.0.49/modules/pending/discord_krisp-1.zip: 73%
2024-04-09T19:04:59.181Z [Modules] Streaming discord_krisp@1 to /home/levon/.config/discord/0.0.49/modules/pending/discord_krisp-1.zip: 74%
2024-04-09T19:04:59.243Z [Modules] Checking for host updates.
2024-04-09T19:04:59.257Z [Modules] Streaming discord_krisp@1 to /home/levon/.config/discord/0.0.49/modules/pending/discord_krisp-1.zip: 75%
2024-04-09T19:04:59.258Z [Modules] Streaming discord_krisp@1 to /home/levon/.config/discord/0.0.49/modules/pending/discord_krisp-1.zip: 76%
2024-04-09T19:04:59.327Z [Modules] Host is up to date.
2024-04-09T19:04:59.328Z [Modules] Checking for module updates at https://discord.com/api/modules/stable/versions.json
2024-04-09T19:04:59.333Z [Modules] No module updates available.
2024-04-09T19:04:59.365Z [Modules] Starting to install discord_rpc...
2024-04-09T19:04:59.439Z [Modules] Streaming discord_krisp@1 to /home/levon/.config/discord/0.0.49/modules/pending/discord_krisp-1.zip: 77%
2024-04-09T19:04:59.459Z [Modules] Streaming discord_krisp@1 to /home/levon/.config/discord/0.0.49/modules/pending/discord_krisp-1.zip: 78%
2024-04-09T19:04:59.472Z [Modules] Streaming discord_krisp@1 to /home/levon/.config/discord/0.0.49/modules/pending/discord_krisp-1.zip: 79%
2024-04-09T19:04:59.490Z [Modules] Streaming discord_krisp@1 to /home/levon/.config/discord/0.0.49/modules/pending/discord_krisp-1.zip: 80%
2024-04-09T19:04:59.535Z [Modules] Streaming discord_krisp@1 to /home/levon/.config/discord/0.0.49/modules/pending/discord_krisp-1.zip: 81%
2024-04-09T19:04:59.539Z [Modules] Streaming discord_krisp@1 to /home/levon/.config/discord/0.0.49/modules/pending/discord_krisp-1.zip: 82%
2024-04-09T19:04:59.540Z [Modules] Streaming discord_krisp@1 to /home/levon/.config/discord/0.0.49/modules/pending/discord_krisp-1.zip: 83%
2024-04-09T19:04:59.556Z [Modules] Streaming discord_krisp@1 to /home/levon/.config/discord/0.0.49/modules/pending/discord_krisp-1.zip: 84%
2024-04-09T19:04:59.599Z [Modules] Streaming discord_krisp@1 to /home/levon/.config/discord/0.0.49/modules/pending/discord_krisp-1.zip: 85%
2024-04-09T19:04:59.612Z [Modules] Streaming discord_krisp@1 to /home/levon/.config/discord/0.0.49/modules/pending/discord_krisp-1.zip: 86%
2024-04-09T19:04:59.618Z [Modules] Streaming discord_krisp@1 to /home/levon/.config/discord/0.0.49/modules/pending/discord_krisp-1.zip: 87%
2024-04-09T19:04:59.623Z [Modules] Streaming discord_krisp@1 to /home/levon/.config/discord/0.0.49/modules/pending/discord_krisp-1.zip: 88%
2024-04-09T19:04:59.668Z [Modules] Streaming discord_krisp@1 to /home/levon/.config/discord/0.0.49/modules/pending/discord_krisp-1.zip: 89%
2024-04-09T19:04:59.686Z [Modules] Streaming discord_krisp@1 to /home/levon/.config/discord/0.0.49/modules/pending/discord_krisp-1.zip: 90%
2024-04-09T19:04:59.701Z [Modules] Streaming discord_krisp@1 to /home/levon/.config/discord/0.0.49/modules/pending/discord_krisp-1.zip: 91%
2024-04-09T19:04:59.703Z [Modules] Streaming discord_krisp@1 to /home/levon/.config/discord/0.0.49/modules/pending/discord_krisp-1.zip: 92%
2024-04-09T19:04:59.772Z [Modules] Streaming discord_krisp@1 to /home/levon/.config/discord/0.0.49/modules/pending/discord_krisp-1.zip: 93%
2024-04-09T19:04:59.774Z [Modules] Streaming discord_krisp@1 to /home/levon/.config/discord/0.0.49/modules/pending/discord_krisp-1.zip: 94%
2024-04-09T19:04:59.775Z [Modules] Streaming discord_krisp@1 to /home/levon/.config/discord/0.0.49/modules/pending/discord_krisp-1.zip: 95%
2024-04-09T19:04:59.807Z [Modules] Streaming discord_krisp@1 to /home/levon/.config/discord/0.0.49/modules/pending/discord_krisp-1.zip: 96%
2024-04-09T19:04:59.809Z [Modules] Streaming discord_krisp@1 to /home/levon/.config/discord/0.0.49/modules/pending/discord_krisp-1.zip: 97%
2024-04-09T19:04:59.813Z [Modules] Streaming discord_krisp@1 to /home/levon/.config/discord/0.0.49/modules/pending/discord_krisp-1.zip: 98%
2024-04-09T19:04:59.815Z [Modules] Streaming discord_krisp@1 to /home/levon/.config/discord/0.0.49/modules/pending/discord_krisp-1.zip: 99%
2024-04-09T19:04:59.826Z [Modules] Streaming discord_krisp@1 to /home/levon/.config/discord/0.0.49/modules/pending/discord_krisp-1.zip: 100%
2024-04-09T19:04:59.829Z [Modules] Fetching discord_game_utils@1 from https://discord.com/api/modules/stable/discord_game_utils/1
2024-04-09T19:04:59.829Z [Modules] Streaming discord_game_utils@1 to /home/levon/.config/discord/0.0.49/modules/pending/discord_game_utils-1.zip
2024-04-09T19:04:59.829Z [Modules] Installing discord_krisp@1 from /home/levon/.config/discord/0.0.49/modules/pending/discord_krisp-1.zip
2024-04-09T19:04:59.987Z [Modules] Streaming discord_game_utils@1 to /home/levon/.config/discord/0.0.49/modules/pending/discord_game_utils-1.zip: 1%
2024-04-09T19:04:59.990Z [Modules] Streaming discord_game_utils@1 to /home/levon/.config/discord/0.0.49/modules/pending/discord_game_utils-1.zip: 3%
2024-04-09T19:04:59.993Z [Modules] Streaming discord_game_utils@1 to /home/levon/.config/discord/0.0.49/modules/pending/discord_game_utils-1.zip: 4%
2024-04-09T19:04:59.994Z [Modules] Streaming discord_game_utils@1 to /home/levon/.config/discord/0.0.49/modules/pending/discord_game_utils-1.zip: 5%
2024-04-09T19:04:59.999Z [Modules] Streaming discord_game_utils@1 to /home/levon/.config/discord/0.0.49/modules/pending/discord_game_utils-1.zip: 8%
2024-04-09T19:05:00.003Z [Modules] Streaming discord_game_utils@1 to /home/levon/.config/discord/0.0.49/modules/pending/discord_game_utils-1.zip: 9%
2024-04-09T19:05:00.005Z [Modules] Streaming discord_game_utils@1 to /home/levon/.config/discord/0.0.49/modules/pending/discord_game_utils-1.zip: 10%
2024-04-09T19:05:00.008Z [Modules] Streaming discord_game_utils@1 to /home/levon/.config/discord/0.0.49/modules/pending/discord_game_utils-1.zip: 12%
2024-04-09T19:05:00.012Z [Modules] Streaming discord_game_utils@1 to /home/levon/.config/discord/0.0.49/modules/pending/discord_game_utils-1.zip: 14%
2024-04-09T19:05:00.015Z [Modules] Streaming discord_game_utils@1 to /home/levon/.config/discord/0.0.49/modules/pending/discord_game_utils-1.zip: 16%
2024-04-09T19:05:00.017Z [Modules] Streaming discord_game_utils@1 to /home/levon/.config/discord/0.0.49/modules/pending/discord_game_utils-1.zip: 17%
2024-04-09T19:05:00.020Z [Modules] Streaming discord_game_utils@1 to /home/levon/.config/discord/0.0.49/modules/pending/discord_game_utils-1.zip: 18%
2024-04-09T19:05:00.022Z [Modules] Streaming discord_game_utils@1 to /home/levon/.config/discord/0.0.49/modules/pending/discord_game_utils-1.zip: 19%
2024-04-09T19:05:00.058Z [Modules] Streaming discord_game_utils@1 to /home/levon/.config/discord/0.0.49/modules/pending/discord_game_utils-1.zip: 20%
2024-04-09T19:05:00.060Z [Modules] Streaming discord_game_utils@1 to /home/levon/.config/discord/0.0.49/modules/pending/discord_game_utils-1.zip: 21%
2024-04-09T19:05:00.067Z [Modules] Streaming discord_game_utils@1 to /home/levon/.config/discord/0.0.49/modules/pending/discord_game_utils-1.zip: 23%
2024-04-09T19:05:00.070Z [Modules] Streaming discord_game_utils@1 to /home/levon/.config/discord/0.0.49/modules/pending/discord_game_utils-1.zip: 24%
2024-04-09T19:05:00.071Z [Modules] Streaming discord_game_utils@1 to /home/levon/.config/discord/0.0.49/modules/pending/discord_game_utils-1.zip: 27%
2024-04-09T19:05:00.072Z [Modules] Streaming discord_game_utils@1 to /home/levon/.config/discord/0.0.49/modules/pending/discord_game_utils-1.zip: 32%
2024-04-09T19:05:00.075Z [Modules] Streaming discord_game_utils@1 to /home/levon/.config/discord/0.0.49/modules/pending/discord_game_utils-1.zip: 34%
2024-04-09T19:05:00.076Z [Modules] Streaming discord_game_utils@1 to /home/levon/.config/discord/0.0.49/modules/pending/discord_game_utils-1.zip: 37%
2024-04-09T19:05:00.077Z [Modules] Streaming discord_game_utils@1 to /home/levon/.config/discord/0.0.49/modules/pending/discord_game_utils-1.zip: 43%
2024-04-09T19:05:00.077Z [Modules] Streaming discord_game_utils@1 to /home/levon/.config/discord/0.0.49/modules/pending/discord_game_utils-1.zip: 50%
2024-04-09T19:05:00.087Z [Modules] Streaming discord_game_utils@1 to /home/levon/.config/discord/0.0.49/modules/pending/discord_game_utils-1.zip: 52%
2024-04-09T19:05:00.087Z [Modules] Streaming discord_game_utils@1 to /home/levon/.config/discord/0.0.49/modules/pending/discord_game_utils-1.zip: 55%
2024-04-09T19:05:00.125Z [Modules] Streaming discord_game_utils@1 to /home/levon/.config/discord/0.0.49/modules/pending/discord_game_utils-1.zip: 56%
2024-04-09T19:05:00.128Z [Modules] Streaming discord_game_utils@1 to /home/levon/.config/discord/0.0.49/modules/pending/discord_game_utils-1.zip: 58%
2024-04-09T19:05:00.132Z [Modules] Streaming discord_game_utils@1 to /home/levon/.config/discord/0.0.49/modules/pending/discord_game_utils-1.zip: 60%
2024-04-09T19:05:00.135Z [Modules] Streaming discord_game_utils@1 to /home/levon/.config/discord/0.0.49/modules/pending/discord_game_utils-1.zip: 62%
2024-04-09T19:05:00.139Z [Modules] Streaming discord_game_utils@1 to /home/levon/.config/discord/0.0.49/modules/pending/discord_game_utils-1.zip: 64%
2024-04-09T19:05:00.140Z [Modules] Streaming discord_game_utils@1 to /home/levon/.config/discord/0.0.49/modules/pending/discord_game_utils-1.zip: 65%
2024-04-09T19:05:00.144Z [Modules] Streaming discord_game_utils@1 to /home/levon/.config/discord/0.0.49/modules/pending/discord_game_utils-1.zip: 67%
2024-04-09T19:05:00.146Z [Modules] Streaming discord_game_utils@1 to /home/levon/.config/discord/0.0.49/modules/pending/discord_game_utils-1.zip: 68%
2024-04-09T19:05:00.149Z [Modules] Streaming discord_game_utils@1 to /home/levon/.config/discord/0.0.49/modules/pending/discord_game_utils-1.zip: 69%
2024-04-09T19:05:00.153Z [Modules] Streaming discord_game_utils@1 to /home/levon/.config/discord/0.0.49/modules/pending/discord_game_utils-1.zip: 72%
2024-04-09T19:05:00.157Z [Modules] Streaming discord_game_utils@1 to /home/levon/.config/discord/0.0.49/modules/pending/discord_game_utils-1.zip: 74%
2024-04-09T19:05:00.159Z [Modules] Streaming discord_game_utils@1 to /home/levon/.config/discord/0.0.49/modules/pending/discord_game_utils-1.zip: 75%
2024-04-09T19:05:00.191Z [Modules] Streaming discord_game_utils@1 to /home/levon/.config/discord/0.0.49/modules/pending/discord_game_utils-1.zip: 78%
2024-04-09T19:05:00.191Z [Modules] Streaming discord_game_utils@1 to /home/levon/.config/discord/0.0.49/modules/pending/discord_game_utils-1.zip: 79%
2024-04-09T19:05:00.196Z [Modules] Streaming discord_game_utils@1 to /home/levon/.config/discord/0.0.49/modules/pending/discord_game_utils-1.zip: 80%
2024-04-09T19:05:00.200Z [Modules] Streaming discord_game_utils@1 to /home/levon/.config/discord/0.0.49/modules/pending/discord_game_utils-1.zip: 82%
2024-04-09T19:05:00.201Z [Modules] Streaming discord_game_utils@1 to /home/levon/.config/discord/0.0.49/modules/pending/discord_game_utils-1.zip: 84%
2024-04-09T19:05:00.203Z [Modules] Streaming discord_game_utils@1 to /home/levon/.config/discord/0.0.49/modules/pending/discord_game_utils-1.zip: 85%
2024-04-09T19:05:00.204Z [Modules] Streaming discord_game_utils@1 to /home/levon/.config/discord/0.0.49/modules/pending/discord_game_utils-1.zip: 91%
2024-04-09T19:05:00.205Z [Modules] Streaming discord_game_utils@1 to /home/levon/.config/discord/0.0.49/modules/pending/discord_game_utils-1.zip: 100%
2024-04-09T19:05:00.206Z [Modules] Fetching discord_rpc@1 from https://discord.com/api/modules/stable/discord_rpc/1
2024-04-09T19:05:00.206Z [Modules] Streaming discord_rpc@1 to /home/levon/.config/discord/0.0.49/modules/pending/discord_rpc-1.zip
2024-04-09T19:05:00.287Z [Modules] Streaming discord_rpc@1 to /home/levon/.config/discord/0.0.49/modules/pending/discord_rpc-1.zip: 100%
2024-04-09T19:05:00.289Z [Modules] Finished module downloads. [success: 3] [failure: 0]
2024-04-09T19:05:00.594Z [Modules] Installing discord_game_utils@1 from /home/levon/.config/discord/0.0.49/modules/pending/discord_game_utils-1.zip
2024-04-09T19:05:00.722Z [Modules] Installing discord_rpc@1 from /home/levon/.config/discord/0.0.49/modules/pending/discord_rpc-1.zip
2024-04-09T19:05:00.750Z [Modules] Finished module installations. [success: 3] [failure: 0]
2024-04-09T20:04:59.246Z [Modules] Checking for host updates.
2024-04-09T20:04:59.327Z [Modules] Host is up to date.
2024-04-09T20:04:59.327Z [Modules] Checking for module updates at https://discord.com/api/modules/stable/versions.json
2024-04-09T20:04:59.374Z [Modules] No module updates available.
